<?xml version="1.0" encoding="UTF-8"?>
<!-- Generated by org.testng.reporters.JUnitXMLReporter -->
<testsuite hostname="ClientPC" ignored="0" name="Default test" tests="3" failures="0" timestamp="08 Oct 2018 20:10:24 GMT" time="93.439" errors="0">
  <testcase name="verifyConctactTest" time="19.727" classname="com.crm.qa.testcases.ContactsPageTest"/>
  <testcase name="verifyCreateNewContact" time="11.88" classname="com.crm.qa.testcases.ContactsPageTest"/>
  <testcase name="verifyCreateNewContact" time="9.625" classname="com.crm.qa.testcases.ContactsPageTest"/>
</testsuite> <!-- Default test -->
