<?xml version="1.0" encoding="UTF-8"?>
<testng-results skipped="0" failed="0" ignored="0" total="3" passed="3">
  <reporter-output>
  </reporter-output>
  <suite name="FreeCrmSuite" duration-ms="30732" started-at="2018-10-09T21:00:11Z" finished-at="2018-10-09T21:00:42Z">
    <groups>
    </groups>
    <test name="FreeCRMApplicationTestCases" duration-ms="30732" started-at="2018-10-09T21:00:11Z" finished-at="2018-10-09T21:00:42Z">
      <class name="com.crm.qa.testcases.LoginPageTest">
        <test-method status="PASS" signature="SetUp()[pri:0, instance:com.crm.qa.testcases.LoginPageTest@14bf9759]" name="SetUp" is-config="true" duration-ms="8916" started-at="2018-10-09T21:00:11Z" finished-at="2018-10-09T21:00:20Z">
          <reporter-output>
          </reporter-output>
        </test-method> <!-- SetUp -->
        <test-method status="PASS" signature="LoginPageTitleTest()[pri:1, instance:com.crm.qa.testcases.LoginPageTest@14bf9759]" name="LoginPageTitleTest" duration-ms="86" started-at="2018-10-09T21:00:20Z" finished-at="2018-10-09T21:00:20Z">
          <reporter-output>
          </reporter-output>
        </test-method> <!-- LoginPageTitleTest -->
        <test-method status="PASS" signature="TearDown()[pri:0, instance:com.crm.qa.testcases.LoginPageTest@14bf9759]" name="TearDown" is-config="true" duration-ms="853" started-at="2018-10-09T21:00:20Z" finished-at="2018-10-09T21:00:21Z">
          <reporter-output>
          </reporter-output>
        </test-method> <!-- TearDown -->
        <test-method status="PASS" signature="SetUp()[pri:0, instance:com.crm.qa.testcases.LoginPageTest@14bf9759]" name="SetUp" is-config="true" duration-ms="6833" started-at="2018-10-09T21:00:21Z" finished-at="2018-10-09T21:00:28Z">
          <reporter-output>
          </reporter-output>
        </test-method> <!-- SetUp -->
        <test-method status="PASS" signature="CrmLogoImageTest()[pri:2, instance:com.crm.qa.testcases.LoginPageTest@14bf9759]" name="CrmLogoImageTest" duration-ms="126" started-at="2018-10-09T21:00:28Z" finished-at="2018-10-09T21:00:28Z">
          <reporter-output>
          </reporter-output>
        </test-method> <!-- CrmLogoImageTest -->
        <test-method status="PASS" signature="TearDown()[pri:0, instance:com.crm.qa.testcases.LoginPageTest@14bf9759]" name="TearDown" is-config="true" duration-ms="859" started-at="2018-10-09T21:00:28Z" finished-at="2018-10-09T21:00:29Z">
          <reporter-output>
          </reporter-output>
        </test-method> <!-- TearDown -->
        <test-method status="PASS" signature="SetUp()[pri:0, instance:com.crm.qa.testcases.LoginPageTest@14bf9759]" name="SetUp" is-config="true" duration-ms="7216" started-at="2018-10-09T21:00:29Z" finished-at="2018-10-09T21:00:36Z">
          <reporter-output>
          </reporter-output>
        </test-method> <!-- SetUp -->
        <test-method status="PASS" signature="LoginTest()[pri:3, instance:com.crm.qa.testcases.LoginPageTest@14bf9759]" name="LoginTest" duration-ms="4885" started-at="2018-10-09T21:00:36Z" finished-at="2018-10-09T21:00:41Z">
          <reporter-output>
          </reporter-output>
        </test-method> <!-- LoginTest -->
        <test-method status="PASS" signature="TearDown()[pri:0, instance:com.crm.qa.testcases.LoginPageTest@14bf9759]" name="TearDown" is-config="true" duration-ms="882" started-at="2018-10-09T21:00:41Z" finished-at="2018-10-09T21:00:42Z">
          <reporter-output>
          </reporter-output>
        </test-method> <!-- TearDown -->
      </class> <!-- com.crm.qa.testcases.LoginPageTest -->
    </test> <!-- FreeCRMApplicationTestCases -->
  </suite> <!-- FreeCrmSuite -->
</testng-results>
