<?xml version="1.0" encoding="UTF-8"?>
<!-- Generated by org.testng.reporters.JUnitXMLReporter -->
<testsuite hostname="ClientPC" ignored="0" name="FreeCRMApplicationTestCases" tests="3" failures="0" timestamp="09 Oct 2018 21:00:42 GMT" time="30.732" errors="0">
  <testcase name="LoginPageTitleTest" time="0.086" classname="com.crm.qa.testcases.LoginPageTest"/>
  <testcase name="CrmLogoImageTest" time="0.126" classname="com.crm.qa.testcases.LoginPageTest"/>
  <testcase name="LoginTest" time="4.885" classname="com.crm.qa.testcases.LoginPageTest"/>
</testsuite> <!-- FreeCRMApplicationTestCases -->
